# JRE version: OpenJDK Runtime Environment (8.0_292-b10) (build 1.8.0_292-b10)
# Java VM: OpenJDK 64-Bit Server VM (25.292-b10 mixed mode windows-amd64 compressed oops)
Heap:
 PSYoungGen      total 133632K, used 116470K [0x00000000f5580000, 0x0000000100000000, 0x0000000100000000)
  eden space 121856K, 85% used [0x00000000f5580000,0x00000000fbbc1ff0,0x00000000fcc80000)
  from space 11776K, 99% used [0x00000000fcc80000,0x00000000fd7fb810,0x00000000fd800000)
  to   space 15360K, 0% used [0x00000000ff100000,0x00000000ff100000,0x0000000100000000)
 ParOldGen       total 175104K, used 22589K [0x00000000e0000000, 0x00000000eab00000, 0x00000000f5580000)
  object space 175104K, 12% used [0x00000000e0000000,0x00000000e160f508,0x00000000eab00000)
 Metaspace       used 53453K, capacity 56009K, committed 56064K, reserved 1097728K
  class space    used 7339K, capacity 7934K, committed 7936K, reserved 1048576K
GC Heap History (10 events):
Event: 49.147 GC heap before
{Heap before GC invocations=7 (full 1):
 PSYoungGen      total 76288K, used 73456K [0x00000000f5580000, 0x00000000fd700000, 0x0000000100000000)
  eden space 65536K, 100% used [0x00000000f5580000,0x00000000f9580000,0x00000000f9580000)
  from space 10752K, 73% used [0x00000000f9580000,0x00000000f9d3c200,0x00000000fa000000)
  to   space 11776K, 0% used [0x00000000fcb80000,0x00000000fcb80000,0x00000000fd700000)
 ParOldGen       total 175104K, used 8822K [0x00000000e0000000, 0x00000000eab00000, 0x00000000f5580000)
  object space 175104K, 5% used [0x00000000e0000000,0x00000000e089da60,0x00000000eab00000)
 Metaspace       used 32471K, capacity 33651K, committed 33920K, reserved 1079296K
  class space    used 4614K, capacity 4910K, committed 4992K, reserved 1048576K
Event: 49.175 GC heap after
Heap after GC invocations=7 (full 1):
 PSYoungGen      total 75264K, used 10422K [0x00000000f5580000, 0x00000000fd600000, 0x0000000100000000)
  eden space 64512K, 0% used [0x00000000f5580000,0x00000000f5580000,0x00000000f9480000)
  from space 10752K, 96% used [0x00000000fcb80000,0x00000000fd5ad9f0,0x00000000fd600000)
  to   space 12288K, 0% used [0x00000000fbe00000,0x00000000fbe00000,0x00000000fca00000)
 ParOldGen       total 175104K, used 8830K [0x00000000e0000000, 0x00000000eab00000, 0x00000000f5580000)
  object space 175104K, 5% used [0x00000000e0000000,0x00000000e089fa60,0x00000000eab00000)
 Metaspace       used 32471K, capacity 33651K, committed 33920K, reserved 1079296K
  class space    used 4614K, capacity 4910K, committed 4992K, reserved 1048576K
}
Event: 49.464 GC heap before
{Heap before GC invocations=8 (full 1):
 PSYoungGen      total 75264K, used 28116K [0x00000000f5580000, 0x00000000fd600000, 0x0000000100000000)
  eden space 64512K, 27% used [0x00000000f5580000,0x00000000f66c7740,0x00000000f9480000)
  from space 10752K, 96% used [0x00000000fcb80000,0x00000000fd5ad9f0,0x00000000fd600000)
  to   space 12288K, 0% used [0x00000000fbe00000,0x00000000fbe00000,0x00000000fca00000)
 ParOldGen       total 175104K, used 8830K [0x00000000e0000000, 0x00000000eab00000, 0x00000000f5580000)
  object space 175104K, 5% used [0x00000000e0000000,0x00000000e089fa60,0x00000000eab00000)
 Metaspace       used 34169K, capacity 35451K, committed 35496K, reserved 1079296K
  class space    used 4762K, capacity 5078K, committed 5120K, reserved 1048576K
Event: 49.494 GC heap after
Heap after GC invocations=8 (full 1):
 PSYoungGen      total 119296K, used 8723K [0x00000000f5580000, 0x00000000fe380000, 0x0000000100000000)
  eden space 107008K, 0% used [0x00000000f5580000,0x00000000f5580000,0x00000000fbe00000)
  from space 12288K, 70% used [0x00000000fbe00000,0x00000000fc684d20,0x00000000fca00000)
  to   space 11776K, 0% used [0x00000000fd800000,0x00000000fd800000,0x00000000fe380000)
 ParOldGen       total 175104K, used 8838K [0x00000000e0000000, 0x00000000eab00000, 0x00000000f5580000)
  object space 175104K, 5% used [0x00000000e0000000,0x00000000e08a1a60,0x00000000eab00000)
 Metaspace       used 34169K, capacity 35451K, committed 35496K, reserved 1079296K
  class space    used 4762K, capacity 5078K, committed 5120K, reserved 1048576K
}
Event: 49.494 GC heap before
{Heap before GC invocations=9 (full 2):
 PSYoungGen      total 119296K, used 8723K [0x00000000f5580000, 0x00000000fe380000, 0x0000000100000000)
  eden space 107008K, 0% used [0x00000000f5580000,0x00000000f5580000,0x00000000fbe00000)
  from space 12288K, 70% used [0x00000000fbe00000,0x00000000fc684d20,0x00000000fca00000)
  to   space 11776K, 0% used [0x00000000fd800000,0x00000000fd800000,0x00000000fe380000)
 ParOldGen       total 175104K, used 8838K [0x00000000e0000000, 0x00000000eab00000, 0x00000000f5580000)
  object space 175104K, 5% used [0x00000000e0000000,0x00000000e08a1a60,0x00000000eab00000)
 Metaspace       used 34169K, capacity 35451K, committed 35496K, reserved 1079296K
  class space    used 4762K, capacity 5078K, committed 5120K, reserved 1048576K
Event: 49.592 GC heap after
Heap after GC invocations=9 (full 2):
 PSYoungGen      total 119296K, used 0K [0x00000000f5580000, 0x00000000fe380000, 0x0000000100000000)
  eden space 107008K, 0% used [0x00000000f5580000,0x00000000f5580000,0x00000000fbe00000)
  from space 12288K, 0% used [0x00000000fbe00000,0x00000000fbe00000,0x00000000fca00000)
  to   space 11776K, 0% used [0x00000000fd800000,0x00000000fd800000,0x00000000fe380000)
 ParOldGen       total 175104K, used 15817K [0x00000000e0000000, 0x00000000eab00000, 0x00000000f5580000)
  object space 175104K, 9% used [0x00000000e0000000,0x00000000e0f72638,0x00000000eab00000)
 Metaspace       used 34169K, capacity 35451K, committed 35496K, reserved 1079296K
  class space    used 4762K, capacity 5078K, committed 5120K, reserved 1048576K
}
Event: 52.010 GC heap before
{Heap before GC invocations=10 (full 2):
 PSYoungGen      total 119296K, used 107008K [0x00000000f5580000, 0x00000000fe380000, 0x0000000100000000)
  eden space 107008K, 100% used [0x00000000f5580000,0x00000000fbe00000,0x00000000fbe00000)
  from space 12288K, 0% used [0x00000000fbe00000,0x00000000fbe00000,0x00000000fca00000)
  to   space 11776K, 0% used [0x00000000fd800000,0x00000000fd800000,0x00000000fe380000)
 ParOldGen       total 175104K, used 15817K [0x00000000e0000000, 0x00000000eab00000, 0x00000000f5580000)
  object space 175104K, 9% used [0x00000000e0000000,0x00000000e0f72638,0x00000000eab00000)
 Metaspace       used 38241K, capacity 40093K, committed 40320K, reserved 1083392K
  class space    used 5358K, capacity 5760K, committed 5760K, reserved 1048576K
Event: 52.020 GC heap after
Heap after GC invocations=10 (full 2):
 PSYoungGen      total 133632K, used 7677K [0x00000000f5580000, 0x00000000fff80000, 0x0000000100000000)
  eden space 121856K, 0% used [0x00000000f5580000,0x00000000f5580000,0x00000000fcc80000)
  from space 11776K, 65% used [0x00000000fd800000,0x00000000fdf7f6b8,0x00000000fe380000)
  to   space 11776K, 0% used [0x00000000fcc80000,0x00000000fcc80000,0x00000000fd800000)
 ParOldGen       total 175104K, used 15825K [0x00000000e0000000, 0x00000000eab00000, 0x00000000f5580000)
  object space 175104K, 9% used [0x00000000e0000000,0x00000000e0f74638,0x00000000eab00000)
 Metaspace       used 38241K, capacity 40093K, committed 40320K, reserved 1083392K
  class space    used 5358K, capacity 5760K, committed 5760K, reserved 1048576K
}
Event: 56.081 GC heap before
{Heap before GC invocations=11 (full 2):
 PSYoungGen      total 133632K, used 129533K [0x00000000f5580000, 0x00000000fff80000, 0x0000000100000000)
  eden space 121856K, 100% used [0x00000000f5580000,0x00000000fcc80000,0x00000000fcc80000)
  from space 11776K, 65% used [0x00000000fd800000,0x00000000fdf7f6b8,0x00000000fe380000)
  to   space 11776K, 0% used [0x00000000fcc80000,0x00000000fcc80000,0x00000000fd800000)
 ParOldGen       total 175104K, used 15825K [0x00000000e0000000, 0x00000000eab00000, 0x00000000f5580000)
  object space 175104K, 9% used [0x00000000e0000000,0x00000000e0f74638,0x00000000eab00000)
 Metaspace       used 48609K, capacity 50859K, committed 51072K, reserved 1093632K
  class space    used 6663K, capacity 7195K, committed 7296K, reserved 1048576K
Event: 56.110 GC heap after
Heap after GC invocations=11 (full 2):
 PSYoungGen      total 133632K, used 11758K [0x00000000f5580000, 0x0000000100000000, 0x0000000100000000)
  eden space 121856K, 0% used [0x00000000f5580000,0x00000000f5580000,0x00000000fcc80000)
  from space 11776K, 99% used [0x00000000fcc80000,0x00000000fd7fb810,0x00000000fd800000)
  to   space 15360K, 0% used [0x00000000ff100000,0x00000000ff100000,0x0000000100000000)
 ParOldGen       total 175104K, used 22589K [0x00000000e0000000, 0x00000000eab00000, 0x00000000f5580000)
  object space 175104K, 12% used [0x00000000e0000000,0x00000000e160f508,0x00000000eab00000)
 Metaspace       used 48609K, capacity 50859K, committed 51072K, reserved 1093632K
  class space    used 6663K, capacity 7195K, committed 7296K, reserved 1048576K
}

